<?xml version="1.0" encoding="UTF-8"?>
<testsuite name="com.tsola2002.calculator.CalculatorTest" tests="1" skipped="0" failures="0" errors="0" timestamp="2025-05-27T04:35:32" hostname="Omatsolas-MBP-2" time="0.056">
  <properties/>
  <testcase name="addTest()" classname="com.tsola2002.calculator.CalculatorTest" time="0.056"/>
  <system-out><![CDATA[]]></system-out>
  <system-err><![CDATA[]]></system-err>
</testsuite>
